{
  "RSpec": {
    "coverage": {
      "/Users/agatasalska/Documents/Ragnarson/D6/Sinatra/spec/requests/basket/delete_item_from_basket_spec.rb": [
        1,
        null,
        1,
        1,
        2,
        null,
        1,
        1,
        null,
        null,
        1,
        1,
        null,
        null,
        null,
        1,
        1,
        2,
        2,
        null,
        1,
        1,
        null,
        null,
        1,
        1,
        null,
        null,
        null,
        null,
        1,
        null,
        1,
        2,
        null,
        null
      ],
      "/Users/agatasalska/Documents/Ragnarson/D6/Sinatra/spec/web_helper.rb": [
        1,
        1,
        1,
        null,
        1,
        1,
        6,
        null,
        null,
        null,
        1,
        1,
        1,
        null
      ],
      "/Users/agatasalska/Documents/Ragnarson/D6/Sinatra/shop.rb": [
        1,
        1,
        null,
        11,
        null,
        1,
        1,
        null,
        null,
        null,
        null,
        null,
        1,
        1,
        null,
        1,
        1,
        1,
        null,
        null,
        1,
        4,
        4,
        null,
        null,
        1,
        0,
        0,
        0,
        null,
        null,
        1,
        0,
        0,
        null,
        null,
        1,
        0,
        0,
        0,
        0,
        null,
        0,
        null,
        null,
        null,
        1,
        0,
        0,
        0,
        null,
        0,
        null,
        0,
        null,
        0,
        null,
        null,
        null
      ],
      "/Users/agatasalska/Documents/Ragnarson/D6/Sinatra/lib/model/item.rb": [
        1,
        1,
        1,
        1,
        null,
        1,
        null,
        1,
        2,
        2,
        2,
        null,
        null,
        1,
        0,
        null,
        null,
        1,
        0,
        0,
        null,
        null,
        1,
        0,
        0,
        null,
        null,
        1,
        null,
        1,
        2,
        null,
        null,
        null
      ],
      "/Users/agatasalska/Documents/Ragnarson/D6/Sinatra/lib/model/product.rb": [
        1,
        1,
        1,
        null,
        1,
        null,
        1,
        3,
        3,
        3,
        null,
        null,
        1,
        null,
        1,
        3,
        null,
        null,
        null
      ],
      "/Users/agatasalska/Documents/Ragnarson/D6/Sinatra/lib/services/add_item_to_basket.rb": [
        1,
        1,
        1,
        0,
        0,
        null,
        null,
        1,
        null,
        null,
        null,
        0,
        null,
        null,
        null
      ],
      "/Users/agatasalska/Documents/Ragnarson/D6/Sinatra/lib/services/add_item_to_warehouse.rb": [
        1,
        1,
        1,
        0,
        null,
        null,
        null
      ],
      "/Users/agatasalska/Documents/Ragnarson/D6/Sinatra/lib/services/delete_item_from_basket.rb": [
        1,
        null,
        1,
        1,
        1,
        1,
        null,
        null,
        1,
        1,
        null,
        1,
        null,
        0,
        null,
        null,
        1,
        null,
        1,
        0,
        0,
        null,
        0,
        null,
        null,
        null,
        null
      ],
      "/Users/agatasalska/Documents/Ragnarson/D6/Sinatra/lib/services/fetch_item_from_stock.rb": [
        1,
        1,
        1,
        2,
        0,
        null,
        null,
        null,
        null
      ],
      "/Users/agatasalska/Documents/Ragnarson/D6/Sinatra/lib/services/delete_item_from_warehouse.rb": [
        1,
        null,
        1,
        1,
        1,
        1,
        null,
        null,
        1,
        1,
        null,
        1,
        null,
        0,
        null,
        null,
        1,
        null,
        1,
        0,
        0,
        null,
        0,
        null,
        null,
        null,
        null
      ],
      "/Users/agatasalska/Documents/Ragnarson/D6/Sinatra/lib/services/fetch_basket.rb": [
        1,
        1,
        1,
        0,
        null,
        null,
        null,
        null,
        null,
        0,
        null,
        null,
        null,
        null
      ],
      "/Users/agatasalska/Documents/Ragnarson/D6/Sinatra/lib/services/fetch_basket_item_list.rb": [
        1,
        1,
        1,
        5,
        null,
        null,
        null
      ],
      "/Users/agatasalska/Documents/Ragnarson/D6/Sinatra/lib/services/fetch_product.rb": [
        1,
        1,
        1,
        0,
        0,
        0,
        null,
        null,
        null,
        null
      ],
      "/Users/agatasalska/Documents/Ragnarson/D6/Sinatra/spec/requests/root_spec.rb": [
        1,
        null,
        1,
        1,
        4,
        null,
        null,
        1,
        1,
        null,
        null,
        1,
        1,
        null,
        null,
        1,
        1,
        null,
        null,
        1,
        1,
        null,
        null,
        1,
        1,
        4,
        null,
        null
      ],
      "/Users/agatasalska/Documents/Ragnarson/D6/Sinatra/spec/unit/delete_item_form_basket_spec.rb": [
        1,
        1,
        null,
        1,
        2,
        2,
        null,
        1,
        2,
        2,
        null,
        null,
        1,
        1,
        1,
        1,
        1,
        null,
        null,
        null,
        null,
        1,
        2,
        2,
        1,
        null,
        1,
        1,
        0,
        null,
        null,
        null,
        null,
        null
      ],
      "/Users/agatasalska/Documents/Ragnarson/D6/Sinatra/spec/unit/delete_item_from_warehouse_spec.rb": [
        1,
        1,
        null,
        1,
        2,
        2,
        null,
        1,
        2,
        2,
        null,
        null,
        1,
        1,
        1,
        1,
        1,
        null,
        null,
        null,
        null,
        1,
        2,
        2,
        1,
        null,
        1,
        1,
        0,
        null,
        null,
        null,
        null,
        null
      ]
    },
    "timestamp": 1468767888
  }
}
